<?xml version="1.0" encoding="UTF-8"?>
<!-- Generated by org.testng.reporters.JUnitReportReporter -->
<testsuite skipped="0" hostname="DESKTOP-NMGB7R5" name="roughwork.AddPetExample" tests="1" failures="0" timestamp="2021-08-21T01:50:10 GST" time="4.442" errors="0">
  <testcase name="addOwner" time="4.442" classname="roughwork.AddPetExample"/>
</testsuite> <!-- roughwork.AddPetExample -->
