<?xml version="1.0" encoding="UTF-8"?>
<!-- Generated by org.testng.reporters.JUnitReportReporter -->
<testsuite skipped="0" hostname="DESKTOP-NMGB7R5" name="roughwork.AddEditOwner" tests="1" failures="0" timestamp="2021-08-20T15:34:48 GST" time="9.343" errors="0">
  <testcase name="addOwner" time="9.343" classname="roughwork.AddEditOwner"/>
</testsuite> <!-- roughwork.AddEditOwner -->
