<?xml version="1.0" encoding="UTF-8"?>
<!-- Generated by org.testng.reporters.JUnitReportReporter -->
<testsuite skipped="0" hostname="DESKTOP-NMGB7R5" name="com.petclinic.testcases.VeterinariansPageTestCases" tests="1" failures="0" timestamp="2021-08-23T15:13:40 GST" time="3.324" errors="0">
  <testcase name="do_ViewListOfVeterinariansTest" time="3.324" classname="com.petclinic.testcases.VeterinariansPageTestCases"/>
</testsuite> <!-- com.petclinic.testcases.VeterinariansPageTestCases -->
