<?xml version="1.0" encoding="UTF-8"?>
<!-- Generated by org.testng.reporters.JUnitReportReporter -->
<testsuite skipped="0" hostname="DESKTOP-NMGB7R5" name="com.petclinic.testcases.HomePageTestCases" tests="3" failures="0" timestamp="2021-08-23T15:13:40 GST" time="9.646" errors="0">
  <testcase name="applicationLogoVerificationTest" time="3.150" classname="com.petclinic.testcases.HomePageTestCases"/>
  <testcase name="do_HomePageURLVerificationTest" time="3.169" classname="com.petclinic.testcases.HomePageTestCases"/>
  <testcase name="do_HomePageTitleVerificationTest" time="3.327" classname="com.petclinic.testcases.HomePageTestCases"/>
</testsuite> <!-- com.petclinic.testcases.HomePageTestCases -->
