<?xml version="1.0" encoding="UTF-8"?>
<!-- Generated by org.testng.reporters.JUnitReportReporter -->
<testsuite skipped="0" hostname="DESKTOP-NMGB7R5" name="roughwork.SampleTestNGCase" tests="3" failures="0" timestamp="2021-08-20T15:48:06 GST" time="0.010" errors="0">
  <testcase name="firstCase" time="0.006" classname="roughwork.SampleTestNGCase"/>
  <testcase name="secondCase" time="0.002" classname="roughwork.SampleTestNGCase"/>
  <testcase name="thirdCase" time="0.002" classname="roughwork.SampleTestNGCase"/>
</testsuite> <!-- roughwork.SampleTestNGCase -->
