<?xml version="1.0" encoding="UTF-8"?>
<!-- Generated by org.testng.reporters.JUnitReportReporter -->
<testsuite skipped="0" hostname="DESKTOP-NMGB7R5" name="HomePageTestCases" tests="1" failures="0" timestamp="2021-08-19T16:38:55 GST" time="4.198" errors="0">
  <testcase name="applicationLogoVerificationTest" time="4.198" classname="HomePageTestCases"/>
  <system-out/>
</testsuite> <!-- HomePageTestCases -->
